<?xml version="1.0" encoding="UTF-8"?>
<testng-results skipped="0" failed="0" ignored="0" total="1" passed="1">
  <reporter-output>
  </reporter-output>
  <suite name="Default suite" duration-ms="4177" started-at="2021-05-28T03:18:53Z" finished-at="2021-05-28T03:18:57Z">
    <groups>
    </groups>
    <test name="Default test" duration-ms="4177" started-at="2021-05-28T03:18:53Z" finished-at="2021-05-28T03:18:57Z">
      <class name="test.Logintest">
        <test-method status="PASS" signature="validUserShouldBeAbleToLogin()[pri:0, instance:test.Logintest@76a4ebf2]" name="validUserShouldBeAbleToLogin" duration-ms="4159" started-at="2021-05-28T03:18:53Z" finished-at="2021-05-28T03:18:57Z">
          <reporter-output>
          </reporter-output>
        </test-method> <!-- validUserShouldBeAbleToLogin -->
      </class> <!-- test.Logintest -->
    </test> <!-- Default test -->
  </suite> <!-- Default suite -->
</testng-results>
